<?xml version="1.0" encoding="UTF-8"?>
<testng-results skipped="0" failed="1" total="4" passed="3">
  <reporter-output>
    <line>
      <![CDATA[=====Browser Session Started=====]]>
    </line>
    <line>
      <![CDATA[=====Browser Session End=========]]>
    </line>
  </reporter-output>
  <suite name="EP_Automation" duration-ms="218268" started-at="2017-04-24T12:06:39Z" finished-at="2017-04-24T12:10:17Z">
    <groups>
    </groups>
    <test name="EP_Automation" duration-ms="218268" started-at="2017-04-24T12:06:39Z" finished-at="2017-04-24T12:10:17Z">
      <class name="com.ep.testscripts.TestSuite">
        <test-method status="PASS" signature="setUp(java.lang.String)[pri:0, instance:com.ep.testscripts.TestSuite@44c03695]" name="setUp" is-config="true" duration-ms="32631" started-at="2017-04-24T17:36:39Z" finished-at="2017-04-24T17:37:11Z">
          <params>
            <param index="0">
              <value>
                <![CDATA[chrome]]>
              </value>
            </param>
          </params>
          <reporter-output>
            <line>
              <![CDATA[=====Browser Session Started=====]]>
            </line>
          </reporter-output>
        </test-method> <!-- setUp -->
        <test-method status="PASS" signature="Login(com.ep.datainitialization.DataInt)[pri:0, instance:com.ep.testscripts.TestSuite@44c03695]" name="Login" duration-ms="32579" started-at="2017-04-24T17:37:12Z" description="Login" data-provider="getLogin" finished-at="2017-04-24T17:37:44Z">
          <params>
            <param index="0">
              <value>
                <![CDATA[com.ep.datainitialization.DataInt@302a07d]]>
              </value>
            </param>
          </params>
          <reporter-output>
          </reporter-output>
        </test-method> <!-- Login -->
        <test-method status="PASS" signature="fillingform(com.ep.datainitialization.DataInt)[pri:0, instance:com.ep.testscripts.TestSuite@44c03695]" name="fillingform" duration-ms="80695" started-at="2017-04-24T17:37:45Z" description="StudentFormfill" data-provider="getStudentForm" finished-at="2017-04-24T17:39:06Z">
          <params>
            <param index="0">
              <value>
                <![CDATA[com.ep.datainitialization.DataInt@5cdd09b1]]>
              </value>
            </param>
          </params>
          <reporter-output>
          </reporter-output>
        </test-method> <!-- fillingform -->
        <test-method status="PASS" signature="ContactUs(com.ep.datainitialization.DataInt)[pri:0, instance:com.ep.testscripts.TestSuite@44c03695]" name="ContactUs" duration-ms="27976" started-at="2017-04-24T17:39:06Z" description="ContactUsForm" data-provider="getContactus" finished-at="2017-04-24T17:39:34Z">
          <params>
            <param index="0">
              <value>
                <![CDATA[com.ep.datainitialization.DataInt@8c11eee]]>
              </value>
            </param>
          </params>
          <reporter-output>
          </reporter-output>
        </test-method> <!-- ContactUs -->
        <test-method status="FAIL" signature="ForgotPassword(com.ep.datainitialization.DataInt)[pri:0, instance:com.ep.testscripts.TestSuite@44c03695]" name="ForgotPassword" duration-ms="36942" started-at="2017-04-24T17:39:34Z" description="Forgotpassword" data-provider="getContactus" finished-at="2017-04-24T17:40:11Z">
          <params>
            <param index="0">
              <value>
                <![CDATA[com.ep.datainitialization.DataInt@7e8dcdaa]]>
              </value>
            </param>
          </params>
          <exception class="junit.framework.AssertionFailedError">
            <message>
              <![CDATA[org.openqa.selenium.NoSuchElementException: no such element: Unable to locate element: {"method":"xpath","selector":"/html/body/div/section/div/div/form/div/div/a[1]"}
  (Session info: chrome=57.0.2987.133)
  (Driver info: chromedriver=2.29.461591 (62ebf098771772160f391d75e589dc567915b233),platform=Windows NT 10.0.14393 x86_64) (WARNING: The server did not provide any stacktrace information)
Command duration or timeout: 30.03 seconds
For documentation on this error, please visit: http://seleniumhq.org/exceptions/no_such_element.html
Build info: version: '2.53.1', revision: 'a36b8b1', time: '2016-06-30 17:32:46'
System info: host: 'DESKTOP-3JIP3OF', ip: '192.168.10.34', os.name: 'Windows 10', os.arch: 'amd64', os.version: '10.0', java.version: '1.8.0_101'
Driver info: org.openqa.selenium.chrome.ChromeDriver
Capabilities [{applicationCacheEnabled=false, rotatable=false, mobileEmulationEnabled=false, networkConnectionEnabled=false, chrome={chromedriverVersion=2.29.461591 (62ebf098771772160f391d75e589dc567915b233), userDataDir=C:\Users\MANIKA~1\AppData\Local\Temp\scoped_dir12284_20072}, takesHeapSnapshot=true, pageLoadStrategy=normal, databaseEnabled=false, handlesAlerts=true, hasTouchScreen=false, version=57.0.2987.133, platform=XP, browserConnectionEnabled=false, nativeEvents=true, acceptSslCerts=true, locationContextEnabled=true, webStorageEnabled=true, browserName=chrome, takesScreenshot=true, javascriptEnabled=true, cssSelectorsEnabled=true, unexpectedAlertBehaviour=accept}]
Session ID: 5b66a205dd8bd902a767a5afc58f2ff7
*** Element info: {Using=xpath, value=/html/body/div/section/div/div/form/div/div/a[1]}]]>
            </message>
            <full-stacktrace>
              <![CDATA[junit.framework.AssertionFailedError: org.openqa.selenium.NoSuchElementException: no such element: Unable to locate element: {"method":"xpath","selector":"/html/body/div/section/div/div/form/div/div/a[1]"}
  (Session info: chrome=57.0.2987.133)
  (Driver info: chromedriver=2.29.461591 (62ebf098771772160f391d75e589dc567915b233),platform=Windows NT 10.0.14393 x86_64) (WARNING: The server did not provide any stacktrace information)
Command duration or timeout: 30.03 seconds
For documentation on this error, please visit: http://seleniumhq.org/exceptions/no_such_element.html
Build info: version: '2.53.1', revision: 'a36b8b1', time: '2016-06-30 17:32:46'
System info: host: 'DESKTOP-3JIP3OF', ip: '192.168.10.34', os.name: 'Windows 10', os.arch: 'amd64', os.version: '10.0', java.version: '1.8.0_101'
Driver info: org.openqa.selenium.chrome.ChromeDriver
Capabilities [{applicationCacheEnabled=false, rotatable=false, mobileEmulationEnabled=false, networkConnectionEnabled=false, chrome={chromedriverVersion=2.29.461591 (62ebf098771772160f391d75e589dc567915b233), userDataDir=C:\Users\MANIKA~1\AppData\Local\Temp\scoped_dir12284_20072}, takesHeapSnapshot=true, pageLoadStrategy=normal, databaseEnabled=false, handlesAlerts=true, hasTouchScreen=false, version=57.0.2987.133, platform=XP, browserConnectionEnabled=false, nativeEvents=true, acceptSslCerts=true, locationContextEnabled=true, webStorageEnabled=true, browserName=chrome, takesScreenshot=true, javascriptEnabled=true, cssSelectorsEnabled=true, unexpectedAlertBehaviour=accept}]
Session ID: 5b66a205dd8bd902a767a5afc58f2ff7
*** Element info: {Using=xpath, value=/html/body/div/section/div/div/form/div/div/a[1]}
	at junit.framework.Assert.fail(Assert.java:50)
	at com.ep.pagefactory.ForgotPassword.forgottenpassword(ForgotPassword.java:28)
	at com.ep.testscripts.TestSuite.ForgotPassword(TestSuite.java:104)
	at sun.reflect.NativeMethodAccessorImpl.invoke0(Native Method)
	at sun.reflect.NativeMethodAccessorImpl.invoke(Unknown Source)
	at sun.reflect.DelegatingMethodAccessorImpl.invoke(Unknown Source)
	at java.lang.reflect.Method.invoke(Unknown Source)
	at org.testng.internal.MethodInvocationHelper.invokeMethod(MethodInvocationHelper.java:84)
	at org.testng.internal.Invoker.invokeMethod(Invoker.java:714)
	at org.testng.internal.Invoker.invokeTestMethod(Invoker.java:901)
	at org.testng.internal.Invoker.invokeTestMethods(Invoker.java:1231)
	at org.testng.internal.TestMethodWorker.invokeTestMethods(TestMethodWorker.java:127)
	at org.testng.internal.TestMethodWorker.run(TestMethodWorker.java:111)
	at org.testng.TestRunner.privateRun(TestRunner.java:767)
	at org.testng.TestRunner.run(TestRunner.java:617)
	at org.testng.SuiteRunner.runTest(SuiteRunner.java:334)
	at org.testng.SuiteRunner.runSequentially(SuiteRunner.java:329)
	at org.testng.SuiteRunner.privateRun(SuiteRunner.java:291)
	at org.testng.SuiteRunner.run(SuiteRunner.java:240)
	at org.testng.SuiteRunnerWorker.runSuite(SuiteRunnerWorker.java:52)
	at org.testng.SuiteRunnerWorker.run(SuiteRunnerWorker.java:86)
	at org.testng.TestNG.runSuitesSequentially(TestNG.java:1224)
	at org.testng.TestNG.runSuitesLocally(TestNG.java:1149)
	at org.testng.TestNG.run(TestNG.java:1057)
	at com.ep.testscripts.GenerateReport.main(GenerateReport.java:33)
]]>
            </full-stacktrace>
          </exception> <!-- junit.framework.AssertionFailedError -->
          <reporter-output>
          </reporter-output>
        </test-method> <!-- ForgotPassword -->
        <test-method status="PASS" signature="close()[pri:0, instance:com.ep.testscripts.TestSuite@44c03695]" name="close" is-config="true" duration-ms="5783" started-at="2017-04-24T17:40:11Z" finished-at="2017-04-24T17:40:17Z">
          <reporter-output>
            <line>
              <![CDATA[=====Browser Session End=========]]>
            </line>
          </reporter-output>
        </test-method> <!-- close -->
      </class> <!-- com.ep.testscripts.TestSuite -->
    </test> <!-- EP_Automation -->
  </suite> <!-- EP_Automation -->
</testng-results>
